<?xml version="1.0" encoding="UTF-8"?>
<!-- Generated by org.testng.reporters.JUnitReportReporter -->
<testsuite skipped="0" hostname="GFI10247" name="tests.Tests" tests="4" failures="0" timestamp="09 jun 2020 15:35:42 GMT" time="54.908" errors="0">
  <testcase name="pruebaTres" time="17.544" classname="tests.Tests"/>
  <testcase name="pruebaDos" time="18.527" classname="tests.Tests"/>
  <testcase name="pruebaUno" time="13.027" classname="tests.Tests"/>
  <testcase name="pruebaCantidadDeCampos" time="5.810" classname="tests.Tests"/>
</testsuite> <!-- tests.Tests -->
